
=============****错误日志****===============
Thu Jan 13 15:54:19 CST 2022

warning: Pulling without specifying how to reconcile divergent branches is
discouraged. You can squelch this message by running one of the following
commands sometime before your next pull:

  git config pull.rebase false  # merge (the default strategy)
  git config pull.rebase true   # rebase
  git config pull.ff only       # fast-forward only

You can replace "git config" with "git config --global" to set a default
preference for all repositories. You can also pass --rebase, --no-rebase,
or --ff-only on the command line to override the configured default per
invocation.

(node:8624) Warning: Accessing non-existent property 'lineno' of module exports inside circular dependency
(Use `node --trace-warnings ...` to show where the warning was created)
(node:8624) Warning: Accessing non-existent property 'column' of module exports inside circular dependency
(node:8624) Warning: Accessing non-existent property 'filename' of module exports inside circular dependency
(node:8624) Warning: Accessing non-existent property 'lineno' of module exports inside circular dependency
(node:8624) Warning: Accessing non-existent property 'column' of module exports inside circular dependency
(node:8624) Warning: Accessing non-existent property 'filename' of module exports inside circular dependency
=============****错误日志****===============
Mon Jan 24 00:30:53 CST 2022

(node:4893) Warning: Accessing non-existent property 'lineno' of module exports inside circular dependency
(Use `node --trace-warnings ...` to show where the warning was created)
(node:4893) Warning: Accessing non-existent property 'column' of module exports inside circular dependency
(node:4893) Warning: Accessing non-existent property 'filename' of module exports inside circular dependency
(node:4893) Warning: Accessing non-existent property 'lineno' of module exports inside circular dependency
(node:4893) Warning: Accessing non-existent property 'column' of module exports inside circular dependency
(node:4893) Warning: Accessing non-existent property 'filename' of module exports inside circular dependency
(node:4952) Warning: Accessing non-existent property 'lineno' of module exports inside circular dependency
(Use `node --trace-warnings ...` to show where the warning was created)
(node:4952) Warning: Accessing non-existent property 'column' of module exports inside circular dependency
(node:4952) Warning: Accessing non-existent property 'filename' of module exports inside circular dependency
(node:4952) Warning: Accessing non-existent property 'lineno' of module exports inside circular dependency
(node:4952) Warning: Accessing non-existent property 'column' of module exports inside circular dependency
(node:4952) Warning: Accessing non-existent property 'filename' of module exports inside circular dependency
=============****错误日志****===============
Mon Jan 24 00:34:02 CST 2022

From github.com:mxrmiss/story
   9deb61f..11e9fed  main       -> origin/main
(node:5194) Warning: Accessing non-existent property 'lineno' of module exports inside circular dependency
(Use `node --trace-warnings ...` to show where the warning was created)
(node:5194) Warning: Accessing non-existent property 'column' of module exports inside circular dependency
(node:5194) Warning: Accessing non-existent property 'filename' of module exports inside circular dependency
(node:5194) Warning: Accessing non-existent property 'lineno' of module exports inside circular dependency
(node:5194) Warning: Accessing non-existent property 'column' of module exports inside circular dependency
(node:5194) Warning: Accessing non-existent property 'filename' of module exports inside circular dependency
(node:5253) Warning: Accessing non-existent property 'lineno' of module exports inside circular dependency
(Use `node --trace-warnings ...` to show where the warning was created)
(node:5253) Warning: Accessing non-existent property 'column' of module exports inside circular dependency
(node:5253) Warning: Accessing non-existent property 'filename' of module exports inside circular dependency
(node:5253) Warning: Accessing non-existent property 'lineno' of module exports inside circular dependency
(node:5253) Warning: Accessing non-existent property 'column' of module exports inside circular dependency
(node:5253) Warning: Accessing non-existent property 'filename' of module exports inside circular dependency
=============****错误日志****===============
Tue Jan 25 11:29:42 CST 2022

warning: Pulling without specifying how to reconcile divergent branches is
discouraged. You can squelch this message by running one of the following
commands sometime before your next pull:

  git config pull.rebase false  # merge (the default strategy)
  git config pull.rebase true   # rebase
  git config pull.ff only       # fast-forward only

You can replace "git config" with "git config --global" to set a default
preference for all repositories. You can also pass --rebase, --no-rebase,
or --ff-only on the command line to override the configured default per
invocation.

(node:3814) Warning: Accessing non-existent property 'lineno' of module exports inside circular dependency
(Use `node --trace-warnings ...` to show where the warning was created)
(node:3814) Warning: Accessing non-existent property 'column' of module exports inside circular dependency
(node:3814) Warning: Accessing non-existent property 'filename' of module exports inside circular dependency
(node:3814) Warning: Accessing non-existent property 'lineno' of module exports inside circular dependency
(node:3814) Warning: Accessing non-existent property 'column' of module exports inside circular dependency
(node:3814) Warning: Accessing non-existent property 'filename' of module exports inside circular dependency
=============****错误日志****===============
Tue Jan 25 11:47:55 CST 2022

warning: Pulling without specifying how to reconcile divergent branches is
discouraged. You can squelch this message by running one of the following
commands sometime before your next pull:

  git config pull.rebase false  # merge (the default strategy)
  git config pull.rebase true   # rebase
  git config pull.ff only       # fast-forward only

You can replace "git config" with "git config --global" to set a default
preference for all repositories. You can also pass --rebase, --no-rebase,
or --ff-only on the command line to override the configured default per
invocation.

From github.com:mxrmiss/story
   0239511..ce534e3  main       -> origin/main
(node:3951) Warning: Accessing non-existent property 'lineno' of module exports inside circular dependency
(Use `node --trace-warnings ...` to show where the warning was created)
(node:3951) Warning: Accessing non-existent property 'column' of module exports inside circular dependency
(node:3951) Warning: Accessing non-existent property 'filename' of module exports inside circular dependency
(node:3951) Warning: Accessing non-existent property 'lineno' of module exports inside circular dependency
(node:3951) Warning: Accessing non-existent property 'column' of module exports inside circular dependency
(node:3951) Warning: Accessing non-existent property 'filename' of module exports inside circular dependency
=============****错误日志****===============
Tue Jan 25 12:00:34 CST 2022

warning: Pulling without specifying how to reconcile divergent branches is
discouraged. You can squelch this message by running one of the following
commands sometime before your next pull:

  git config pull.rebase false  # merge (the default strategy)
  git config pull.rebase true   # rebase
  git config pull.ff only       # fast-forward only

You can replace "git config" with "git config --global" to set a default
preference for all repositories. You can also pass --rebase, --no-rebase,
or --ff-only on the command line to override the configured default per
invocation.

(node:4004) Warning: Accessing non-existent property 'lineno' of module exports inside circular dependency
(Use `node --trace-warnings ...` to show where the warning was created)
(node:4004) Warning: Accessing non-existent property 'column' of module exports inside circular dependency
(node:4004) Warning: Accessing non-existent property 'filename' of module exports inside circular dependency
(node:4004) Warning: Accessing non-existent property 'lineno' of module exports inside circular dependency
(node:4004) Warning: Accessing non-existent property 'column' of module exports inside circular dependency
(node:4004) Warning: Accessing non-existent property 'filename' of module exports inside circular dependency
=============****错误日志****===============
Tue Jan 25 12:02:50 CST 2022

warning: Pulling without specifying how to reconcile divergent branches is
discouraged. You can squelch this message by running one of the following
commands sometime before your next pull:

  git config pull.rebase false  # merge (the default strategy)
  git config pull.rebase true   # rebase
  git config pull.ff only       # fast-forward only

You can replace "git config" with "git config --global" to set a default
preference for all repositories. You can also pass --rebase, --no-rebase,
or --ff-only on the command line to override the configured default per
invocation.

From github.com:mxrmiss/story
   ce534e3..ce46cb8  main       -> origin/main
(node:4066) Warning: Accessing non-existent property 'lineno' of module exports inside circular dependency
(Use `node --trace-warnings ...` to show where the warning was created)
(node:4066) Warning: Accessing non-existent property 'column' of module exports inside circular dependency
(node:4066) Warning: Accessing non-existent property 'filename' of module exports inside circular dependency
(node:4066) Warning: Accessing non-existent property 'lineno' of module exports inside circular dependency
(node:4066) Warning: Accessing non-existent property 'column' of module exports inside circular dependency
(node:4066) Warning: Accessing non-existent property 'filename' of module exports inside circular dependency
=============****错误日志****===============
Tue Jan 25 12:09:46 CST 2022

warning: Pulling without specifying how to reconcile divergent branches is
discouraged. You can squelch this message by running one of the following
commands sometime before your next pull:

  git config pull.rebase false  # merge (the default strategy)
  git config pull.rebase true   # rebase
  git config pull.ff only       # fast-forward only

You can replace "git config" with "git config --global" to set a default
preference for all repositories. You can also pass --rebase, --no-rebase,
or --ff-only on the command line to override the configured default per
invocation.

From github.com:mxrmiss/story
   ce46cb8..0c15f93  main       -> origin/main
(node:4120) Warning: Accessing non-existent property 'lineno' of module exports inside circular dependency
(Use `node --trace-warnings ...` to show where the warning was created)
(node:4120) Warning: Accessing non-existent property 'column' of module exports inside circular dependency
(node:4120) Warning: Accessing non-existent property 'filename' of module exports inside circular dependency
(node:4120) Warning: Accessing non-existent property 'lineno' of module exports inside circular dependency
(node:4120) Warning: Accessing non-existent property 'column' of module exports inside circular dependency
(node:4120) Warning: Accessing non-existent property 'filename' of module exports inside circular dependency
=============****错误日志****===============
Tue Jan 25 20:15:06 CST 2022

warning: Pulling without specifying how to reconcile divergent branches is
discouraged. You can squelch this message by running one of the following
commands sometime before your next pull:

  git config pull.rebase false  # merge (the default strategy)
  git config pull.rebase true   # rebase
  git config pull.ff only       # fast-forward only

You can replace "git config" with "git config --global" to set a default
preference for all repositories. You can also pass --rebase, --no-rebase,
or --ff-only on the command line to override the configured default per
invocation.

From github.com:mxrmiss/story
   0c15f93..cb6c65d  main       -> origin/main
(node:4835) Warning: Accessing non-existent property 'lineno' of module exports inside circular dependency
(Use `node --trace-warnings ...` to show where the warning was created)
(node:4835) Warning: Accessing non-existent property 'column' of module exports inside circular dependency
(node:4835) Warning: Accessing non-existent property 'filename' of module exports inside circular dependency
(node:4835) Warning: Accessing non-existent property 'lineno' of module exports inside circular dependency
(node:4835) Warning: Accessing non-existent property 'column' of module exports inside circular dependency
(node:4835) Warning: Accessing non-existent property 'filename' of module exports inside circular dependency
=============****错误日志****===============
Tue Jan 25 20:18:56 CST 2022

warning: Pulling without specifying how to reconcile divergent branches is
discouraged. You can squelch this message by running one of the following
commands sometime before your next pull:

  git config pull.rebase false  # merge (the default strategy)
  git config pull.rebase true   # rebase
  git config pull.ff only       # fast-forward only

You can replace "git config" with "git config --global" to set a default
preference for all repositories. You can also pass --rebase, --no-rebase,
or --ff-only on the command line to override the configured default per
invocation.

From github.com:mxrmiss/story
   cb6c65d..eed7515  main       -> origin/main
(node:4888) Warning: Accessing non-existent property 'lineno' of module exports inside circular dependency
(Use `node --trace-warnings ...` to show where the warning was created)
(node:4888) Warning: Accessing non-existent property 'column' of module exports inside circular dependency
(node:4888) Warning: Accessing non-existent property 'filename' of module exports inside circular dependency
(node:4888) Warning: Accessing non-existent property 'lineno' of module exports inside circular dependency
(node:4888) Warning: Accessing non-existent property 'column' of module exports inside circular dependency
(node:4888) Warning: Accessing non-existent property 'filename' of module exports inside circular dependency
=============****错误日志****===============
Fri Jan 28 11:00:10 CST 2022

warning: Pulling without specifying how to reconcile divergent branches is
discouraged. You can squelch this message by running one of the following
commands sometime before your next pull:

  git config pull.rebase false  # merge (the default strategy)
  git config pull.rebase true   # rebase
  git config pull.ff only       # fast-forward only

You can replace "git config" with "git config --global" to set a default
preference for all repositories. You can also pass --rebase, --no-rebase,
or --ff-only on the command line to override the configured default per
invocation.

From github.com:mxrmiss/story
   eed7515..069eb90  main       -> origin/main
(node:9932) Warning: Accessing non-existent property 'lineno' of module exports inside circular dependency
(Use `node --trace-warnings ...` to show where the warning was created)
(node:9932) Warning: Accessing non-existent property 'column' of module exports inside circular dependency
(node:9932) Warning: Accessing non-existent property 'filename' of module exports inside circular dependency
(node:9932) Warning: Accessing non-existent property 'lineno' of module exports inside circular dependency
(node:9932) Warning: Accessing non-existent property 'column' of module exports inside circular dependency
(node:9932) Warning: Accessing non-existent property 'filename' of module exports inside circular dependency
=============****错误日志****===============
Sat Jan 29 18:59:24 CST 2022

warning: Pulling without specifying how to reconcile divergent branches is
discouraged. You can squelch this message by running one of the following
commands sometime before your next pull:

  git config pull.rebase false  # merge (the default strategy)
  git config pull.rebase true   # rebase
  git config pull.ff only       # fast-forward only

You can replace "git config" with "git config --global" to set a default
preference for all repositories. You can also pass --rebase, --no-rebase,
or --ff-only on the command line to override the configured default per
invocation.

From github.com:mxrmiss/story
   069eb90..6119ac5  main       -> origin/main
WARN  No layout: about/index.html
WARN  No layout: 2022/01/29/linux_shell_7_han_shu/index.html
WARN  No layout: 2022/01/29/ying_yu_shi_tai/index.html
WARN  No layout: 2022/01/25/python_pi_liang_xiu_gai_wen_jian_nei_rong/index.html
WARN  No layout: 2022/01/23/python_pi_liang_xiu_gai_wen_jian_ming/index.html
WARN  No layout: 2022/01/22/powershell_1/index.html
WARN  No layout: 2022/01/22/python_wen_jian_chu_li/index.html
WARN  No layout: 2022/01/22/python_die_dai/index.html
WARN  No layout: 2022/01/14/burpsuite_ji_lu/index.html
WARN  No layout: 2022/01/13/hexo_ding_shi_tong_bu_wen_zhang/index.html
WARN  No layout: 2022/01/13/linux_shell_6_kong_zhi_jiao_ben/index.html
WARN  No layout: 2022/01/13/curl_ming_ling_xiang_jie/index.html
WARN  No layout: 2022/01/13/wang_luo_ji_chu/index.html
WARN  No layout: 2022/01/12/linux_shell_5_cheng_xian_shu_ju/index.html
WARN  No layout: 2022/01/12/python_zheng_ze_biao_da_shi/index.html
WARN  No layout: 2022/01/11/html_02/index.html
WARN  No layout: 2022/01/09/linux_shell_4_chu_li_yong_hu_shu_ru/index.html
WARN  No layout: 2022/01/08/html_01/index.html
WARN  No layout: 2022/01/08/linux_shell_3_xun_huan/index.html
WARN  No layout: 2022/01/07/linux_shell_2_jie_gou_hua_ming_ling/index.html
WARN  No layout: 2022/01/06/linux_shell_1_gou_jian_ji_ben_jiao_ben/index.html
WARN  No layout: 2022/01/02/msfvenon_shi_yong_zheng_li/index.html
WARN  No layout: 2021/12/28/arctic/index.html
WARN  No layout: 2021/12/25/linux_huan_jing_bian_liang/index.html
WARN  No layout: 2021/12/18/powershell_mo_gai/index.html
WARN  No layout: 2021/12/17/an_zhuang_zsh/index.html
WARN  No layout: 2021/12/14/linux_ruan_jian_kuai_jie_shi_yong/index.html
WARN  No layout: 2021/12/14/grangpa/index.html
WARN  No layout: 2021/12/14/granny/index.html
WARN  No layout: 2021/12/14/linux_an_zhuang_pip2/index.html
WARN  No layout: 2021/12/14/debain_an_zhuang_que_shi_gu_jian/index.html
WARN  No layout: 2021/12/14/kali_an_zhuang_typora/index.html
WARN  No layout: 2021/12/13/windows_an_zhuang_hexo/index.html
WARN  No layout: 2021/12/12/apache_tomcat_lou_dong_li_yong/index.html
WARN  No layout: 2021/12/12/bastard/index.html
WARN  No layout: 2021/12/12/dc_xi_lie_ba_ji_zong_jie/index.html
WARN  No layout: 2021/12/12/lfi_lou_dong_de_li_yong/index.html
WARN  No layout: 2021/12/12/linux_lou_dong_sao_miao_yu_ti_quan/index.html
WARN  No layout: 2021/12/12/windows_lou_dong_sao_miao_yu_ti_quan/index.html
WARN  No layout: 2021/12/12/bo_ke_hexo_kuang_jia/index.html
WARN  No layout: 2021/12/12/fan_dan_shell_jiao_ben/index.html
WARN  No layout: 2021/12/12/wen_jian_chuan_shu/index.html
WARN  No layout: 2021/12/12/huan_chong_qu_yi_chu_liu_cheng/index.html
WARN  No layout: 2020/09/14/linux_ji_chu/index.html
WARN  No layout: 2020/09/14/linux_ya_suo_he_jie_ya_suo_ming_ling_da_quan/index.html
WARN  No layout: archives/index.html
WARN  No layout: archives/page/2/index.html
WARN  No layout: archives/page/3/index.html
WARN  No layout: archives/page/4/index.html
WARN  No layout: archives/page/5/index.html
WARN  No layout: archives/2020/index.html
WARN  No layout: archives/2020/09/index.html
WARN  No layout: archives/2021/index.html
WARN  No layout: archives/2021/page/2/index.html
WARN  No layout: archives/2021/page/3/index.html
WARN  No layout: archives/2021/12/index.html
WARN  No layout: archives/2021/12/page/2/index.html
WARN  No layout: archives/2021/12/page/3/index.html
WARN  No layout: archives/2022/index.html
WARN  No layout: archives/2022/page/2/index.html
WARN  No layout: archives/2022/page/3/index.html
WARN  No layout: archives/2022/01/index.html
WARN  No layout: archives/2022/01/page/2/index.html
WARN  No layout: archives/2022/01/page/3/index.html
WARN  No layout: categories/渗透测试/index.html
WARN  No layout: categories/渗透测试/page/2/index.html
WARN  No layout: categories/HTML/index.html
WARN  No layout: categories/blog/index.html
WARN  No layout: categories/linux/index.html
WARN  No layout: categories/linux/page/2/index.html
WARN  No layout: categories/windows/index.html
WARN  No layout: categories/python/index.html
WARN  No layout: categories/web/index.html
WARN  No layout: categories/English/index.html
WARN  No layout: index.html
WARN  No layout: page/2/index.html
WARN  No layout: page/3/index.html
WARN  No layout: page/4/index.html
WARN  No layout: page/5/index.html
WARN  No layout: tags/渗透测试/index.html
WARN  No layout: tags/渗透测试/page/2/index.html
WARN  No layout: tags/漏洞利用/index.html
WARN  No layout: tags/walkthrough/index.html
WARN  No layout: tags/HTML/index.html
WARN  No layout: tags/linux/index.html
WARN  No layout: tags/linux/page/2/index.html
WARN  No layout: tags/blog/index.html
WARN  No layout: tags/script/index.html
WARN  No layout: tags/shell/index.html
WARN  No layout: tags/shell/page/2/index.html
WARN  No layout: tags/python/index.html
WARN  No layout: tags/tool/index.html
WARN  No layout: tags/powershell/index.html
WARN  No layout: tags/windows/index.html
WARN  No layout: tags/正则/index.html
WARN  No layout: tags/hexo/index.html
WARN  No layout: tags/bufferover/index.html
WARN  No layout: tags/web/index.html
WARN  No layout: tags/English/index.html
