
=============*****运行日志*****================
Thu Jan 13 15:54:19 CST 2022

Already up to date.
INFO  Validating config
INFO  
  ===================================================================
                                                                     
      #####  #    # ##### ##### ###### #####  ###### #      #   #    
      #    # #    #   #     #   #      #    # #      #       # #     
      #####  #    #   #     #   #####  #    # #####  #        #     
      #    # #    #   #     #   #      #####  #      #        #      
      #    # #    #   #     #   #      #   #  #      #        #    
      #####   ####    #     #   ###### #    # #      ######   #  

                            3.8.4                       
  ===================================================================
INFO  Deleted database.
INFO  Deleted public folder.
INFO  Validating config
INFO  
  ===================================================================
                                                                     
      #####  #    # ##### ##### ###### #####  ###### #      #   #    
      #    # #    #   #     #   #      #    # #      #       # #     
      #####  #    #   #     #   #####  #    # #####  #        #     
      #    # #    #   #     #   #      #####  #      #        #      
      #    # #    #   #     #   #      #   #  #      #        #    
      #####   ####    #     #   ###### #    # #      ######   #  

                            3.8.4                       
  ===================================================================
INFO  Start processing
INFO  Files loaded in 6.98 s
INFO  Generated: about/index.html
INFO  Generated: categories/index.html
INFO  Generated: tags/index.html
INFO  Generated: archives/index.html
INFO  Generated: archives/2020/index.html
INFO  Generated: archives/2020/09/index.html
INFO  Generated: archives/2021/index.html
INFO  Generated: archives/2021/12/index.html
INFO  Generated: 404.html
INFO  Generated: archives/2022/index.html
INFO  Generated: archives/2022/01/index.html
INFO  Generated: categories/渗透测试/index.html
INFO  Generated: categories/HTML/index.html
INFO  Generated: categories/linux/index.html
INFO  Generated: categories/windows/index.html
INFO  Generated: categories/blog/index.html
INFO  Generated: categories/python/index.html
INFO  Generated: tags/渗透测试/index.html
INFO  Generated: tags/漏洞利用/index.html
INFO  Generated: tags/walkthrough/index.html
INFO  Generated: tags/hackthebox/index.html
INFO  Generated: tags/HTML/index.html
INFO  Generated: tags/linux/index.html
INFO  Generated: tags/shell/index.html
INFO  Generated: tags/kali/index.html
INFO  Generated: tags/pip/index.html
INFO  Generated: tags/debain/index.html
INFO  Generated: tags/typora/index.html
INFO  Generated: tags/linux-command/index.html
INFO  Generated: tags/msf/index.html
INFO  Generated: tags/windows/index.html
INFO  Generated: tags/powershell/index.html
INFO  Generated: tags/blog/index.html
INFO  Generated: tags/node-js/index.html
INFO  Generated: tags/bufferover/index.html
INFO  Generated: tags/python/index.html
INFO  Generated: tags/正则/index.html
INFO  Generated: img/404.jpg
INFO  Generated: img/algolia.svg
INFO  Generated: img/favicon.png
INFO  Generated: index.html
INFO  Generated: css/var.css
INFO  Generated: img/logo.png
INFO  Generated: archives/page/2/index.html
INFO  Generated: archives/2021/page/2/index.html
INFO  Generated: archives/2021/12/page/2/index.html
INFO  Generated: categories/渗透测试/page/2/index.html
INFO  Generated: categories/linux/page/2/index.html
INFO  Generated: tags/渗透测试/page/2/index.html
INFO  Generated: tags/linux/page/2/index.html
INFO  Generated: archives/page/3/index.html
INFO  Generated: archives/page/4/index.html
INFO  Generated: archives/2021/page/3/index.html
INFO  Generated: archives/2021/12/page/3/index.html
INFO  Generated: page/4/index.html
INFO  Generated: js/utils.js
INFO  Generated: js/search/algolia.js
INFO  Generated: page/2/index.html
INFO  Generated: page/3/index.html
INFO  Generated: js/search/local-search.js
INFO  Generated: img/friend_404.gif
INFO  Generated: js/main.js
INFO  Generated: js/tw_cn.js
INFO  Generated: 2021/12/28/Arctic/index.html
INFO  Generated: 2022/01/12/Linux shell(5)-呈现数据/index.html
INFO  Generated: 2020/09/14/Linux基础/index.html
INFO  Generated: 2021/12/25/Linux环境变量/index.html
INFO  Generated: 2021/12/17/安装zsh/index.html
INFO  Generated: 2021/12/14/Linux 软件快捷使用/index.html
INFO  Generated: 2021/12/13/windows安装hexo/index.html
INFO  Generated: 2021/12/12/Apache Tomcat 漏洞利用/index.html
INFO  Generated: 2022/01/11/HTML-02/index.html
INFO  Generated: 2022/01/09/Linux shell(4)-处理用户输入/index.html
INFO  Generated: 2022/01/08/HTML-01/index.html
INFO  Generated: 2022/01/07/Linux shell(2)-结构化命令/index.html
INFO  Generated: 2022/01/06/Linux shell(1)-构建基本脚本/index.html
INFO  Generated: 2022/01/02/msfvenon使用整理/index.html
INFO  Generated: 2021/12/18/powershell魔改/index.html
INFO  Generated: 2021/12/14/Granny/index.html
INFO  Generated: 2021/12/14/Grangpa/index.html
INFO  Generated: 2021/12/14/Linux安装pip2/index.html
INFO  Generated: 2021/12/14/debain安装缺失固件/index.html
INFO  Generated: 2021/12/14/kali 安装typora/index.html
INFO  Generated: 2021/12/12/Bastard/index.html
INFO  Generated: 2021/12/12/DC系列靶机总结/index.html
INFO  Generated: 2021/12/12/LFI 漏洞的利用/index.html
INFO  Generated: 2021/12/12/Linux漏洞扫描与提权/index.html
INFO  Generated: 2021/12/12/windows漏洞扫描与提权/index.html
INFO  Generated: 2021/12/12/反shell弹脚本/index.html
INFO  Generated: 2021/12/12/文件传输/index.html
INFO  Generated: 2020/09/14/linux压缩和解压缩命令大全/index.html
INFO  Generated: 2022/01/12/python正则表达式/index.html
INFO  Generated: 2022/01/08/Linux shell(3)-循环/index.html
INFO  Generated: 2021/12/12/缓冲区溢出流程/index.html
INFO  Generated: 2021/12/12/博客/index.html
INFO  Generated: css/index.css
INFO  Generated: img/ct_4.jpg
INFO  Generated: img/ct_15.jpg
INFO  Generated: search.xml
INFO  Generated: img/bing_32.jpg
INFO  Generated: img/avatar.png
INFO  Generated: img/ct_12.jpg
INFO  Generated: img/ct_38.jpg
INFO  Generated: img/ct_43.jpg
INFO  Generated: img/ct_44.jpg
INFO  Generated: img/ct_37.jpg
INFO  Generated: img/bing_48.jpg
INFO  Generated: img/ct_32.jpg
INFO  Generated: img/ct_41.jpg
INFO  Generated: img/bing_64.jpeg
INFO  110 files generated in 2.89 s
